#
# A fatal error has been detected by the Java Runtime Environment:
#
#  SIGSEGV (0xb) at pc=0x000000010accc298, pid=9143, tid=14851
#
# JRE version: 7.0_21-b12
# Java VM: Java HotSpot(TM) 64-Bit Server VM (23.21-b01 mixed mode bsd-amd64 compressed oops)
# Problematic frame:
# V  [libjvm.dylib+0x2cc298]
#
# Failed to write core dump. Core dumps have been disabled. To enable core dumping, try "ulimit -c unlimited" before starting Java again
#
# If you would like to submit a bug report, please visit:
#   http://bugreport.sun.com/bugreport/crash.jsp
#

---------------  T H R E A D  ---------------

Current thread (0x00007fcd5c016800):  JavaThread "JDWP Transport Listener: dt_socket" daemon [_thread_in_vm, id=14851, stack(0x000000010ef0a000,0x000000010f00a000)]

siginfo:si_signo=SIGSEGV: si_errno=0, si_code=1 (SEGV_MAPERR), si_addr=0x0000160000000000

Registers:
RAX=0x0000000000000001, RBX=0x000000010f009acb, RCX=0x00000000000fc080, RDX=0x000000010f009acb
RSP=0x000000010f009a30, RBP=0x000000010f009a80, RSI=0x00007fcd5c016800, RDI=0x00007fcd5bd03450
R8 =0x00007fcd5bf46f50, R9 =0x0000000000000000, R10=0x0000000041fad69d, R11=0x0000000089668d3b
R12=0x00007fcd5c016800, R13=0x0000160000000000, R14=0x0000160000000000, R15=0x00007fcd5bd03450
RIP=0x000000010accc298, EFLAGS=0x0000000000010206, ERR=0x0000000000000004
  TRAPNO=0x000000000000000e

Top of Stack: (sp=0x000000010f009a30)
0x000000010f009a30:   00007fcd5c016800 0000000000000000
0x000000010f009a40:   0000000000000000 0000000000000000
0x000000010f009a50:   00007fcd5c016800 00007fcd5c016800
0x000000010f009a60:   000000010f009acb 000000010f009ad0
0x000000010f009a70:   0000160000000000 0000000000000035
0x000000010f009a80:   000000010f009aa0 000000010b4f9280
0x000000010f009a90:   0000000000000001 000000010f009b48
0x000000010f009aa0:   000000010f009b10 000000010b4de15b
0x000000010f009ab0:   000000010f009ae0 00007fcd5bf475b0
0x000000010f009ac0:   0000003600000032 0000000100009b48
0x000000010f009ad0:   0000000000000000 0000000000000000
0x000000010f009ae0:   0000000000000000 000000010f009cd0
0x000000010f009af0:   000000010b500da4 00007fcd5bea4ea0
0x000000010f009b00:   000000010f009b48 000000010b50c568
0x000000010f009b10:   000000010f009b20 000000010b4de254
0x000000010f009b20:   000000010f009d40 000000010b4e775e
0x000000010f009b30:   0001c83800000013 00000000000f0200
0x000000010f009b40:   00007fcd5bebe340 00007fcd5d9cbd93
0x000000010f009b50:   00007fcd0000112d 00007fcd5bf46f70
0x000000010f009b60:   00007fcd0000012c 000000010f009b98
0x000000010f009b70:   00007fcd5bfa35e0 0000000000000000
0x000000010f009b80:   0001c8380000001c 00007fff00002e80
0x000000010f009b90:   000000010f009b98 cd7f000036000000
0x000000010f009ba0:   1a00000090b8d15b 6c6d4a7469736976
0x000000010f009bb0:   66655265726f7453 6973736572707845
0x000000010f009bc0:   4c282f0000006e6f 736c6d6a2f67726f
0x000000010f009bd0:   6568632f73636570 6c6d4a2f72656b63
0x000000010f009be0:   66655265726f7453 6973736572707845
0x000000010f009bf0:   00000056293b6e6f 7f00000100000000
0x000000010f009c00:   0000007029db5bcd 6163696465727019
0x000000010f009c10:   634f6c6c61436574 70536e4973727563
0x000000010f009c20:   4c28590000006365 642f6162752f7261 

Instructions: (pc=0x000000010accc298)
0x000000010accc278:   00 00 00 41 f6 87 68 01 00 00 10 75 07 b8 63 00
0x000000010accc288:   00 00 eb 7a 4d 85 f6 75 07 b8 17 00 00 00 eb 6e
0x000000010accc298:   4d 8b 36 48 b8 fe fe fe fe fe fe fe fe 49 39 c6
0x000000010accc2a8:   74 e7 4d 85 f6 74 e2 48 8d 05 ba 37 46 00 80 38 

Register to memory mapping:

RAX=0x0000000000000001 is an unknown value
RBX=0x000000010f009acb is pointing into the stack for thread: 0x00007fcd5c016800
RCX=0x00000000000fc080 is an unknown value
RDX=0x000000010f009acb is pointing into the stack for thread: 0x00007fcd5c016800
RSP=0x000000010f009a30 is pointing into the stack for thread: 0x00007fcd5c016800
RBP=0x000000010f009a80 is pointing into the stack for thread: 0x00007fcd5c016800
RSI=0x00007fcd5c016800 is a thread
RDI=0x00007fcd5bd03450 is an unknown value
R8 =0x00007fcd5bf46f50 is an unknown value
R9 =0x0000000000000000 is an unknown value
R10=0x0000000041fad69d is an unknown value
R11=0x0000000089668d3b is an unknown value
R12=0x00007fcd5c016800 is a thread
R13=0x0000160000000000 is an unknown value
R14=0x0000160000000000 is an unknown value
R15=0x00007fcd5bd03450 is an unknown value


Stack: [0x000000010ef0a000,0x000000010f00a000],  sp=0x000000010f009a30,  free space=1022k
Native frames: (J=compiled Java code, j=interpreted, Vv=VM code, C=native code)
V  [libjvm.dylib+0x2cc298]
C  [libjdwp.dylib+0x20280]  isMethodSynthetic+0x63
C  [libjdwp.dylib+0x515b]  methods1+0x10b
C  [libjdwp.dylib+0x5254]  methodsWithGeneric+0xe
C  [libjdwp.dylib+0xe75e]  debugLoop_run+0x1ce
C  [libjdwp.dylib+0x1f1ba]  attachThread+0x4d
V  [libjvm.dylib+0x30bc02]
V  [libjvm.dylib+0x479af4]
V  [libjvm.dylib+0x47afda]
V  [libjvm.dylib+0x3b688d]
C  [libsystem_pthread.dylib+0x1899]  _pthread_body+0x8a
C  [libsystem_pthread.dylib+0x172a]  _pthread_struct_init+0x0
C  [libsystem_pthread.dylib+0x5fc9]  thread_start+0xd


---------------  P R O C E S S  ---------------

Java Threads: ( => current thread )
  0x00007fcd5d115000 JavaThread "ReaderThread" [_thread_in_native, id=16643, stack(0x000000010f7d1000,0x000000010f8d1000)]
  0x00007fcd5d05c800 JavaThread "Service Thread" daemon [_thread_blocked, id=16131, stack(0x000000010f419000,0x000000010f519000)]
  0x00007fcd5d05c000 JavaThread "C2 CompilerThread1" daemon [_thread_blocked, id=15875, stack(0x000000010f316000,0x000000010f416000)]
  0x00007fcd5d05b000 JavaThread "C2 CompilerThread0" daemon [_thread_blocked, id=15619, stack(0x000000010f213000,0x000000010f313000)]
  0x00007fcd5c81a000 JavaThread "JDWP Command Reader" daemon [_thread_in_native, id=15363, stack(0x000000010f110000,0x000000010f210000)]
  0x00007fcd5c017800 JavaThread "JDWP Event Helper Thread" daemon [_thread_blocked, id=15107, stack(0x000000010f00d000,0x000000010f10d000)]
=>0x00007fcd5c016800 JavaThread "JDWP Transport Listener: dt_socket" daemon [_thread_in_vm, id=14851, stack(0x000000010ef0a000,0x000000010f00a000)]
  0x00007fcd5d059800 JavaThread "Signal Dispatcher" daemon [_thread_blocked, id=14595, stack(0x000000010ee01000,0x000000010ef01000)]
  0x00007fcd5c00d800 JavaThread "Finalizer" daemon [_thread_blocked, id=9731, stack(0x000000010eba7000,0x000000010eca7000)]
  0x00007fcd5c00a000 JavaThread "Reference Handler" daemon [_thread_blocked, id=9475, stack(0x000000010eaa4000,0x000000010eba4000)]
  0x00007fcd5d003000 JavaThread "main" [_thread_blocked, id=5891, stack(0x000000010a0dc000,0x000000010a1dc000)]

Other Threads:
  0x00007fcd5d050000 VMThread [stack: 0x000000010e9a1000,0x000000010eaa1000] [id=9219]
  0x00007fcd5d06e800 WatcherThread [stack: 0x000000010f51c000,0x000000010f61c000] [id=16387]

VM state:not at safepoint (normal execution)

VM Mutex/Monitor currently owned by a thread: None

Heap
 def new generation   total 5440K, used 1535K [0x00000007e9600000, 0x00000007e9be0000, 0x00000007ef350000)
  eden space 4864K,  22% used [0x00000007e9600000, 0x00000007e9711da8, 0x00000007e9ac0000)
  from space 576K,  76% used [0x00000007e9b50000, 0x00000007e9bbe070, 0x00000007e9be0000)
  to   space 576K,   0% used [0x00000007e9ac0000, 0x00000007e9ac0000, 0x00000007e9b50000)
 tenured generation   total 11904K, used 10784K [0x00000007ef350000, 0x00000007efef0000, 0x00000007fae00000)
   the space 11904K,  90% used [0x00000007ef350000, 0x00000007efdd8130, 0x00000007efdd8200, 0x00000007efef0000)
 compacting perm gen  total 21248K, used 14987K [0x00000007fae00000, 0x00000007fc2c0000, 0x0000000800000000)
   the space 21248K,  70% used [0x00000007fae00000, 0x00000007fbca2df8, 0x00000007fbca2e00, 0x00000007fc2c0000)
No shared spaces configured.

Card table byte_map: [0x000000010e5df000,0x000000010e695000] byte_map_base: 0x000000010a694000

Polling page: 0x000000010a1eb000

Code Cache  [0x000000010b51f000, 0x000000010b78f000, 0x000000010e51f000)
 total_blobs=464 nmethods=183 adapters=241 free_code_cache=48101Kb largest_free_block=49173248

Compilation events (10 events):
Event: 1653.072 Thread 0x00007fcd5d05b000 nmethod 177 0x000000010b60c1d0 code [0x000000010b60c300, 0x000000010b60c358]
Event: 1653.072 Thread 0x00007fcd5d05b000  178   !         sun.reflect.GeneratedConstructorAccessor1::newInstance (49 bytes)
Event: 1653.073 Thread 0x00007fcd5d05b000 nmethod 178 0x000000010b6016d0 code [0x000000010b601820, 0x000000010b6018f8]
Event: 1653.073 Thread 0x00007fcd5d05b000  179             java.lang.reflect.Constructor::newInstance (86 bytes)
Event: 1653.078 Thread 0x00007fcd5d05b000 nmethod 179 0x000000010b600ed0 code [0x000000010b601060, 0x000000010b601348]
Event: 1653.078 Thread 0x00007fcd5d05b000  180             java.lang.reflect.Constructor::getModifiers (5 bytes)
Event: 1653.078 Thread 0x00007fcd5d05b000 nmethod 180 0x000000010b600cd0 code [0x000000010b600e00, 0x000000010b600e58]
Event: 1653.078 Thread 0x00007fcd5d05b000  181             antlr.CommonToken::setText (6 bytes)
Event: 1653.078 Thread 0x00007fcd5d05b000 nmethod 181 0x000000010b600ad0 code [0x000000010b600c00, 0x000000010b600c78]
Event: 1653.318 Thread 0x00007fcd5d05c000 nmethod 156 0x000000010b621ed0 code [0x000000010b623e20, 0x000000010b62fd88]

GC Heap History (10 events):
Event: 1652.678 GC heap before
{Heap before GC invocations=19 (full 0):
 def new generation   total 5440K, used 4339K [0x00000007e9600000, 0x00000007e9be0000, 0x00000007ef350000)
  eden space 4864K,  89% used [0x00000007e9600000, 0x00000007e9a3bbb8, 0x00000007e9ac0000)
  from space 576K,   0% used [0x00000007e9ac0000, 0x00000007e9ac13d8, 0x00000007e9b50000)
  to   space 576K,   0% used [0x00000007e9b50000, 0x00000007e9b50000, 0x00000007e9be0000)
 tenured generation   total 11904K, used 9827K [0x00000007ef350000, 0x00000007efef0000, 0x00000007fae00000)
   the space 11904K,  82% used [0x00000007ef350000, 0x00000007efce8d40, 0x00000007efce8e00, 0x00000007efef0000)
 compacting perm gen  total 21248K, used 14408K [0x00000007fae00000, 0x00000007fc2c0000, 0x0000000800000000)
   the space 21248K,  67% used [0x00000007fae00000, 0x00000007fbc122b8, 0x00000007fbc12400, 0x00000007fc2c0000)
No shared spaces configured.
Event: 1652.679 GC heap after
Heap after GC invocations=20 (full 0):
 def new generation   total 5440K, used 0K [0x00000007e9600000, 0x00000007e9be0000, 0x00000007ef350000)
  eden space 4864K,   0% used [0x00000007e9600000, 0x00000007e9600000, 0x00000007e9ac0000)
  from space 576K,   0% used [0x00000007e9b50000, 0x00000007e9b501e8, 0x00000007e9be0000)
  to   space 576K,   0% used [0x00000007e9ac0000, 0x00000007e9ac0000, 0x00000007e9b50000)
 tenured generation   total 11904K, used 10685K [0x00000007ef350000, 0x00000007efef0000, 0x00000007fae00000)
   the space 11904K,  89% used [0x00000007ef350000, 0x00000007efdbf650, 0x00000007efdbf800, 0x00000007efef0000)
 compacting perm gen  total 21248K, used 14408K [0x00000007fae00000, 0x00000007fc2c0000, 0x0000000800000000)
   the space 21248K,  67% used [0x00000007fae00000, 0x00000007fbc122b8, 0x00000007fbc12400, 0x00000007fc2c0000)
No shared spaces configured.
}
Event: 1652.710 GC heap before
{Heap before GC invocations=20 (full 0):
 def new generation   total 5440K, used 4490K [0x00000007e9600000, 0x00000007e9be0000, 0x00000007ef350000)
  eden space 4864K,  92% used [0x00000007e9600000, 0x00000007e9a629f0, 0x00000007e9ac0000)
  from space 576K,   0% used [0x00000007e9b50000, 0x00000007e9b501e8, 0x00000007e9be0000)
  to   space 576K,   0% used [0x00000007e9ac0000, 0x00000007e9ac0000, 0x00000007e9b50000)
 tenured generation   total 11904K, used 10685K [0x00000007ef350000, 0x00000007efef0000, 0x00000007fae00000)
   the space 11904K,  89% used [0x00000007ef350000, 0x00000007efdbf650, 0x00000007efdbf800, 0x00000007efef0000)
 compacting perm gen  total 21248K, used 14408K [0x00000007fae00000, 0x00000007fc2c0000, 0x0000000800000000)
   the space 21248K,  67% used [0x00000007fae00000, 0x00000007fbc122b8, 0x00000007fbc12400, 0x00000007fc2c0000)
No shared spaces configured.
Event: 1652.711 GC heap after
Heap after GC invocations=21 (full 0):
 def new generation   total 5440K, used 472K [0x00000007e9600000, 0x00000007e9be0000, 0x00000007ef350000)
  eden space 4864K,   0% used [0x00000007e9600000, 0x00000007e9600000, 0x00000007e9ac0000)
  from space 576K,  82% used [0x00000007e9ac0000, 0x00000007e9b36168, 0x00000007e9b50000)
  to   space 576K,   0% used [0x00000007e9b50000, 0x00000007e9b50000, 0x00000007e9be0000)
 tenured generation   total 11904K, used 10685K [0x00000007ef350000, 0x00000007efef0000, 0x00000007fae00000)
   the space 11904K,  89% used [0x00000007ef350000, 0x00000007efdbf650, 0x00000007efdbf800, 0x00000007efef0000)
 compacting perm gen  total 21248K, used 14408K [0x00000007fae00000, 0x00000007fc2c0000, 0x0000000800000000)
   the space 21248K,  67% used [0x00000007fae00000, 0x00000007fbc122b8, 0x00000007fbc12400, 0x00000007fc2c0000)
No shared spaces configured.
}
Event: 1652.817 GC heap before
{Heap before GC invocations=21 (full 0):
 def new generation   total 5440K, used 5336K [0x00000007e9600000, 0x00000007e9be0000, 0x00000007ef350000)
  eden space 4864K, 100% used [0x00000007e9600000, 0x00000007e9ac0000, 0x00000007e9ac0000)
  from space 576K,  82% used [0x00000007e9ac0000, 0x00000007e9b36168, 0x00000007e9b50000)
  to   space 576K,   0% used [0x00000007e9b50000, 0x00000007e9b50000, 0x00000007e9be0000)
 tenured generation   total 11904K, used 10685K [0x00000007ef350000, 0x00000007efef0000, 0x00000007fae00000)
   the space 11904K,  89% used [0x00000007ef350000, 0x00000007efdbf650, 0x00000007efdbf800, 0x00000007efef0000)
 compacting perm gen  total 21248K, used 14623K [0x00000007fae00000, 0x00000007fc2c0000, 0x0000000800000000)
   the space 21248K,  68% used [0x00000007fae00000, 0x00000007fbc47fc8, 0x00000007fbc48000, 0x00000007fc2c0000)
No shared spaces configured.
Event: 1652.819 GC heap after
Heap after GC invocations=22 (full 0):
 def new generation   total 5440K, used 143K [0x00000007e9600000, 0x00000007e9be0000, 0x00000007ef350000)
  eden space 4864K,   0% used [0x00000007e9600000, 0x00000007e9600000, 0x00000007e9ac0000)
  from space 576K,  24% used [0x00000007e9b50000, 0x00000007e9b73c30, 0x00000007e9be0000)
  to   space 576K,   0% used [0x00000007e9ac0000, 0x00000007e9ac0000, 0x00000007e9b50000)
 tenured generation   total 11904K, used 10685K [0x00000007ef350000, 0x00000007efef0000, 0x00000007fae00000)
   the space 11904K,  89% used [0x00000007ef350000, 0x00000007efdbf690, 0x00000007efdbf800, 0x00000007efef0000)
 compacting perm gen  total 21248K, used 14623K [0x00000007fae00000, 0x00000007fc2c0000, 0x0000000800000000)
   the space 21248K,  68% used [0x00000007fae00000, 0x00000007fbc47fc8, 0x00000007fbc48000, 0x00000007fc2c0000)
No shared spaces configured.
}
Event: 1652.941 GC heap before
{Heap before GC invocations=22 (full 0):
 def new generation   total 5440K, used 5007K [0x00000007e9600000, 0x00000007e9be0000, 0x00000007ef350000)
  eden space 4864K, 100% used [0x00000007e9600000, 0x00000007e9ac0000, 0x00000007e9ac0000)
  from space 576K,  24% used [0x00000007e9b50000, 0x00000007e9b73c30, 0x00000007e9be0000)
  to   space 576K,   0% used [0x00000007e9ac0000, 0x00000007e9ac0000, 0x00000007e9b50000)
 tenured generation   total 11904K, used 10685K [0x00000007ef350000, 0x00000007efef0000, 0x00000007fae00000)
   the space 11904K,  89% used [0x00000007ef350000, 0x00000007efdbf690, 0x00000007efdbf800, 0x00000007efef0000)
 compacting perm gen  total 21248K, used 14688K [0x00000007fae00000, 0x00000007fc2c0000, 0x0000000800000000)
   the space 21248K,  69% used [0x00000007fae00000, 0x00000007fbc583c0, 0x00000007fbc58400, 0x00000007fc2c0000)
No shared spaces configured.
Event: 1652.944 GC heap after
Heap after GC invocations=23 (full 0):
 def new generation   total 5440K, used 346K [0x00000007e9600000, 0x00000007e9be0000, 0x00000007ef350000)
  eden space 4864K,   0% used [0x00000007e9600000, 0x00000007e9600000, 0x00000007e9ac0000)
  from space 576K,  60% used [0x00000007e9ac0000, 0x00000007e9b16ac8, 0x00000007e9b50000)
  to   space 576K,   0% used [0x00000007e9b50000, 0x00000007e9b50000, 0x00000007e9be0000)
 tenured generation   total 11904K, used 10685K [0x00000007ef350000, 0x00000007efef0000, 0x00000007fae00000)
   the space 11904K,  89% used [0x00000007ef350000, 0x00000007efdbf690, 0x00000007efdbf800, 0x00000007efef0000)
 compacting perm gen  total 21248K, used 14688K [0x00000007fae00000, 0x00000007fc2c0000, 0x0000000800000000)
   the space 21248K,  69% used [0x00000007fae00000, 0x00000007fbc583c0, 0x00000007fbc58400, 0x00000007fc2c0000)
No shared spaces configured.
}
Event: 1653.059 GC heap before
{Heap before GC invocations=23 (full 0):
 def new generation   total 5440K, used 5210K [0x00000007e9600000, 0x00000007e9be0000, 0x00000007ef350000)
  eden space 4864K, 100% used [0x00000007e9600000, 0x00000007e9ac0000, 0x00000007e9ac0000)
  from space 576K,  60% used [0x00000007e9ac0000, 0x00000007e9b16ac8, 0x00000007e9b50000)
  to   space 576K,   0% used [0x00000007e9b50000, 0x00000007e9b50000, 0x00000007e9be0000)
 tenured generation   total 11904K, used 10685K [0x00000007ef350000, 0x00000007efef0000, 0x00000007fae00000)
   the space 11904K,  89% used [0x00000007ef350000, 0x00000007efdbf690, 0x00000007efdbf800, 0x00000007efef0000)
 compacting perm gen  total 21248K, used 14713K [0x00000007fae00000, 0x00000007fc2c0000, 0x0000000800000000)
   the space 21248K,  69% used [0x00000007fae00000, 0x00000007fbc5e478, 0x00000007fbc5e600, 0x00000007fc2c0000)
No shared spaces configured.
Event: 1653.063 GC heap after
Heap after GC invocations=24 (full 0):
 def new generation   total 5440K, used 440K [0x00000007e9600000, 0x00000007e9be0000, 0x00000007ef350000)
  eden space 4864K,   0% used [0x00000007e9600000, 0x00000007e9600000, 0x00000007e9ac0000)
  from space 576K,  76% used [0x00000007e9b50000, 0x00000007e9bbe070, 0x00000007e9be0000)
  to   space 576K,   0% used [0x00000007e9ac0000, 0x00000007e9ac0000, 0x00000007e9b50000)
 tenured generation   total 11904K, used 10784K [0x00000007ef350000, 0x00000007efef0000, 0x00000007fae00000)
   the space 11904K,  90% used [0x00000007ef350000, 0x00000007efdd8130, 0x00000007efdd8200, 0x00000007efef0000)
 compacting perm gen  total 21248K, used 14713K [0x00000007fae00000, 0x00000007fc2c0000, 0x0000000800000000)
   the space 21248K,  69% used [0x00000007fae00000, 0x00000007fbc5e478, 0x00000007fbc5e600, 0x00000007fc2c0000)
No shared spaces configured.
}

Deoptimization events (10 events):
Event: 1652.749 Thread 0x00007fcd5d003000 Uncommon trap -34 fr.pc 0x000000010b5c12c8
Event: 1652.749 Thread 0x00007fcd5d003000 Uncommon trap -34 fr.pc 0x000000010b5a5064
Event: 1652.749 Thread 0x00007fcd5d003000 Uncommon trap -34 fr.pc 0x000000010b5a5064
Event: 1652.749 Thread 0x00007fcd5d003000 Uncommon trap -34 fr.pc 0x000000010b5a5064
Event: 1652.749 Thread 0x00007fcd5d003000 Uncommon trap -34 fr.pc 0x000000010b5a5064
Event: 1652.751 Thread 0x00007fcd5d003000 Uncommon trap -122 fr.pc 0x000000010b596570
Event: 1652.752 Thread 0x00007fcd5d003000 Uncommon trap -34 fr.pc 0x000000010b5c12c8
Event: 1652.752 Thread 0x00007fcd5d003000 Uncommon trap -34 fr.pc 0x000000010b5c12c8
Event: 1652.752 Thread 0x00007fcd5d003000 Uncommon trap -34 fr.pc 0x000000010b5c12c8
Event: 1652.960 Thread 0x00007fcd5d003000 Uncommon trap -12 fr.pc 0x000000010b6058ec

Internal exceptions (10 events):
Event: 1652.915 Thread 0x00007fcd5d003000 Threw 0x00000007e99ce410 at /HUDSON/workspace/jdk7u21-2-build-macosx-amd64-product/jdk7u21/hotspot/src/share/vm/prims/jvm.cpp:1166
Event: 1652.960 Thread 0x00007fcd5d003000 Implicit null exception at 0x000000010b603370 to 0x000000010b6058dd
Event: 1653.068 Thread 0x00007fcd5d003000 Threw 0x00000007e962b4d8 at /HUDSON/workspace/jdk7u21-2-build-macosx-amd64-product/jdk7u21/hotspot/src/share/vm/prims/jvm.cpp:1166
Event: 1653.069 Thread 0x00007fcd5d003000 Threw 0x00000007e9633268 at /HUDSON/workspace/jdk7u21-2-build-macosx-amd64-product/jdk7u21/hotspot/src/share/vm/prims/jvm.cpp:1166
Event: 1653.078 Thread 0x00007fcd5d003000 Threw 0x00000007e963a288 at /HUDSON/workspace/jdk7u21-2-build-macosx-amd64-product/jdk7u21/hotspot/src/share/vm/prims/jvm.cpp:1166
Event: 1653.079 Thread 0x00007fcd5d003000 Threw 0x00000007e9640750 at /HUDSON/workspace/jdk7u21-2-build-macosx-amd64-product/jdk7u21/hotspot/src/share/vm/prims/jvm.cpp:1166
Event: 1653.084 Thread 0x00007fcd5d003000 Threw 0x00000007e9672600 at /HUDSON/workspace/jdk7u21-2-build-macosx-amd64-product/jdk7u21/hotspot/src/share/vm/prims/jvm.cpp:1166
Event: 1653.084 Thread 0x00007fcd5d003000 Threw 0x00000007e9679190 at /HUDSON/workspace/jdk7u21-2-build-macosx-amd64-product/jdk7u21/hotspot/src/share/vm/prims/jvm.cpp:1166
Event: 1653.085 Thread 0x00007fcd5d003000 Threw 0x00000007e9684ef0 at /HUDSON/workspace/jdk7u21-2-build-macosx-amd64-product/jdk7u21/hotspot/src/share/vm/prims/jvm.cpp:1166
Event: 1722.116 Thread 0x00007fcd5d003000 Threw 0x00000007e96908d0 at /HUDSON/workspace/jdk7u21-2-build-macosx-amd64-product/jdk7u21/hotspot/src/share/vm/prims/jvm.cpp:1166

Events (10 events):
Event: 3818.774 Executing VM operation: GetOrSetLocal
Event: 3818.774 Executing VM operation: GetOrSetLocal done
Event: 3818.774 Executing VM operation: GetOrSetLocal
Event: 3818.774 Executing VM operation: GetOrSetLocal done
Event: 3818.775 Executing VM operation: GetOrSetLocal
Event: 3818.775 Executing VM operation: GetOrSetLocal done
Event: 3818.775 Executing VM operation: GetOrSetLocal
Event: 3818.775 Executing VM operation: GetOrSetLocal done
Event: 4450.953 Executing VM operation: RedefineClasses
Event: 4450.956 Executing VM operation: RedefineClasses done


Dynamic libraries:
0x0000000009d0c000 	/System/Library/Frameworks/Cocoa.framework/Versions/A/Cocoa
0x0000000009d0c000 	/System/Library/Frameworks/Security.framework/Versions/A/Security
0x0000000009d0c000 	/System/Library/Frameworks/ApplicationServices.framework/Versions/A/ApplicationServices
0x0000000009d0c000 	/usr/lib/libz.1.dylib
0x0000000009d0c000 	/usr/lib/libSystem.B.dylib
0x0000000009d0c000 	/usr/lib/libobjc.A.dylib
0x0000000009d0c000 	/System/Library/Frameworks/CoreFoundation.framework/Versions/A/CoreFoundation
0x0000000009d0c000 	/System/Library/Frameworks/AppKit.framework/Versions/C/AppKit
0x0000000009d0c000 	/System/Library/Frameworks/CoreData.framework/Versions/A/CoreData
0x0000000009d0c000 	/System/Library/Frameworks/Foundation.framework/Versions/C/Foundation
0x0000000009d0c000 	/System/Library/PrivateFrameworks/RemoteViewServices.framework/Versions/A/RemoteViewServices
0x0000000009d0c000 	/System/Library/Frameworks/AudioToolbox.framework/Versions/A/AudioToolbox
0x0000000009d0c000 	/System/Library/Frameworks/AudioUnit.framework/Versions/A/AudioUnit
0x0000000009d0c000 	/System/Library/PrivateFrameworks/DataDetectorsCore.framework/Versions/A/DataDetectorsCore
0x0000000009d0c000 	/System/Library/PrivateFrameworks/DesktopServicesPriv.framework/Versions/A/DesktopServicesPriv
0x0000000009d0c000 	/System/Library/Frameworks/Carbon.framework/Versions/A/Frameworks/HIToolbox.framework/Versions/A/HIToolbox
0x0000000009d0c000 	/System/Library/Frameworks/QuartzCore.framework/Versions/A/QuartzCore
0x0000000009d0c000 	/System/Library/Frameworks/Carbon.framework/Versions/A/Frameworks/SpeechRecognition.framework/Versions/A/SpeechRecognition
0x0000000009d0c000 	/usr/lib/libauto.dylib
0x0000000009d0c000 	/usr/lib/libicucore.A.dylib
0x0000000009d0c000 	/usr/lib/libxml2.2.dylib
0x0000000009d0c000 	/System/Library/PrivateFrameworks/CoreUI.framework/Versions/A/CoreUI
0x0000000009d0c000 	/System/Library/Frameworks/CoreAudio.framework/Versions/A/CoreAudio
0x0000000009d0c000 	/System/Library/Frameworks/DiskArbitration.framework/Versions/A/DiskArbitration
0x0000000009d0c000 	/usr/lib/liblangid.dylib
0x0000000009d0c000 	/System/Library/PrivateFrameworks/MultitouchSupport.framework/Versions/A/MultitouchSupport
0x0000000009d0c000 	/System/Library/Frameworks/IOKit.framework/Versions/A/IOKit
0x0000000009d0c000 	/usr/lib/libDiagnosticMessagesClient.dylib
0x0000000009d0c000 	/System/Library/Frameworks/CoreServices.framework/Versions/A/CoreServices
0x0000000009d0c000 	/System/Library/PrivateFrameworks/PerformanceAnalysis.framework/Versions/A/PerformanceAnalysis
0x0000000009d0c000 	/System/Library/PrivateFrameworks/GenerationalStorage.framework/Versions/A/GenerationalStorage
0x0000000009d0c000 	/System/Library/Frameworks/OpenGL.framework/Versions/A/OpenGL
0x0000000009d0c000 	/System/Library/PrivateFrameworks/Sharing.framework/Versions/A/Sharing
0x0000000009d0c000 	/System/Library/Frameworks/ImageIO.framework/Versions/A/ImageIO
0x0000000009d0c000 	/System/Library/Frameworks/CoreText.framework/Versions/A/CoreText
0x0000000009d0c000 	/System/Library/Frameworks/CoreGraphics.framework/Versions/A/CoreGraphics
0x0000000009d0c000 	/System/Library/PrivateFrameworks/Backup.framework/Versions/A/Backup
0x0000000009d0c000 	/System/Library/Frameworks/CFNetwork.framework/Versions/A/CFNetwork
0x0000000009d0c000 	/System/Library/Frameworks/SystemConfiguration.framework/Versions/A/SystemConfiguration
0x0000000009d0c000 	/usr/lib/libCRFSuite.dylib
0x0000000009d0c000 	/usr/lib/libc++.1.dylib
0x0000000009d0c000 	/usr/lib/libc++abi.dylib
0x0000000009d0c000 	/usr/lib/system/libcache.dylib
0x0000000009d0c000 	/usr/lib/system/libcommonCrypto.dylib
0x0000000009d0c000 	/usr/lib/system/libcompiler_rt.dylib
0x0000000009d0c000 	/usr/lib/system/libcopyfile.dylib
0x0000000009d0c000 	/usr/lib/system/libcorecrypto.dylib
0x0000000009d0c000 	/usr/lib/system/libdispatch.dylib
0x0000000009d0c000 	/usr/lib/system/libdyld.dylib
0x0000000009d0c000 	/usr/lib/system/libkeymgr.dylib
0x0000000009d0c000 	/usr/lib/system/liblaunch.dylib
0x0000000009d0c000 	/usr/lib/system/libmacho.dylib
0x0000000009d0c000 	/usr/lib/system/libquarantine.dylib
0x0000000009d0c000 	/usr/lib/system/libremovefile.dylib
0x0000000009d0c000 	/usr/lib/system/libsystem_asl.dylib
0x0000000009d0c000 	/usr/lib/system/libsystem_blocks.dylib
0x0000000009d0c000 	/usr/lib/system/libsystem_c.dylib
0x0000000009d0c000 	/usr/lib/system/libsystem_configuration.dylib
0x0000000009d0c000 	/usr/lib/system/libsystem_dnssd.dylib
0x0000000009d0c000 	/usr/lib/system/libsystem_info.dylib
0x0000000009d0c000 	/usr/lib/system/libsystem_kernel.dylib
0x0000000009d0c000 	/usr/lib/system/libsystem_m.dylib
0x0000000009d0c000 	/usr/lib/system/libsystem_malloc.dylib
0x0000000009d0c000 	/usr/lib/system/libsystem_network.dylib
0x0000000009d0c000 	/usr/lib/system/libsystem_notify.dylib
0x0000000009d0c000 	/usr/lib/system/libsystem_platform.dylib
0x0000000009d0c000 	/usr/lib/system/libsystem_pthread.dylib
0x0000000009d0c000 	/usr/lib/system/libsystem_sandbox.dylib
0x0000000009d0c000 	/usr/lib/system/libsystem_stats.dylib
0x0000000009d0c000 	/usr/lib/system/libunc.dylib
0x0000000009d0c000 	/usr/lib/system/libunwind.dylib
0x0000000009d0c000 	/usr/lib/system/libxpc.dylib
0x0000000009d0c000 	/usr/lib/libbsm.0.dylib
0x0000000009d0c000 	/usr/lib/libsqlite3.dylib
0x0000000009d0c000 	/usr/lib/libxar.1.dylib
0x0000000009d0c000 	/usr/lib/libpam.2.dylib
0x0000000009d0c000 	/usr/lib/libOpenScriptingUtil.dylib
0x0000000009d0c000 	/usr/lib/libbz2.1.0.dylib
0x0000000009d0c000 	/System/Library/Frameworks/CoreServices.framework/Versions/A/Frameworks/CarbonCore.framework/Versions/A/CarbonCore
0x0000000009d0c000 	/System/Library/Frameworks/CoreServices.framework/Versions/A/Frameworks/Metadata.framework/Versions/A/Metadata
0x0000000009d0c000 	/System/Library/Frameworks/CoreServices.framework/Versions/A/Frameworks/OSServices.framework/Versions/A/OSServices
0x0000000009d0c000 	/System/Library/Frameworks/CoreServices.framework/Versions/A/Frameworks/SearchKit.framework/Versions/A/SearchKit
0x0000000009d0c000 	/System/Library/Frameworks/CoreServices.framework/Versions/A/Frameworks/AE.framework/Versions/A/AE
0x0000000009d0c000 	/System/Library/Frameworks/CoreServices.framework/Versions/A/Frameworks/LaunchServices.framework/Versions/A/LaunchServices
0x0000000009d0c000 	/System/Library/Frameworks/CoreServices.framework/Versions/A/Frameworks/DictionaryServices.framework/Versions/A/DictionaryServices
0x0000000009d0c000 	/System/Library/Frameworks/NetFS.framework/Versions/A/NetFS
0x0000000009d0c000 	/usr/lib/system/libkxld.dylib
0x0000000009d0c000 	/System/Library/PrivateFrameworks/NetAuth.framework/Versions/A/NetAuth
0x0000000009d0c000 	/System/Library/PrivateFrameworks/TCC.framework/Versions/A/TCC
0x0000000009d0c000 	/System/Library/Frameworks/OpenDirectory.framework/Versions/A/Frameworks/CFOpenDirectory.framework/Versions/A/CFOpenDirectory
0x0000000009d0c000 	/System/Library/Frameworks/ServiceManagement.framework/Versions/A/ServiceManagement
0x0000000009d0c000 	/usr/lib/libxslt.1.dylib
0x0000000009d0c000 	/System/Library/Frameworks/Carbon.framework/Versions/A/Frameworks/Ink.framework/Versions/A/Ink
0x0000000009d0c000 	/System/Library/Frameworks/ApplicationServices.framework/Versions/A/Frameworks/ATS.framework/Versions/A/ATS
0x0000000009d0c000 	/System/Library/Frameworks/ApplicationServices.framework/Versions/A/Frameworks/ColorSync.framework/Versions/A/ColorSync
0x0000000009d0c000 	/System/Library/Frameworks/ApplicationServices.framework/Versions/A/Frameworks/HIServices.framework/Versions/A/HIServices
0x0000000009d0c000 	/System/Library/Frameworks/ApplicationServices.framework/Versions/A/Frameworks/LangAnalysis.framework/Versions/A/LangAnalysis
0x0000000009d0c000 	/System/Library/Frameworks/ApplicationServices.framework/Versions/A/Frameworks/PrintCore.framework/Versions/A/PrintCore
0x0000000009d0c000 	/System/Library/Frameworks/ApplicationServices.framework/Versions/A/Frameworks/QD.framework/Versions/A/QD
0x0000000009d0c000 	/System/Library/Frameworks/ApplicationServices.framework/Versions/A/Frameworks/SpeechSynthesis.framework/Versions/A/SpeechSynthesis
0x0000000009d0c000 	/System/Library/Frameworks/IOSurface.framework/Versions/A/IOSurface
0x0000000009d0c000 	/System/Library/Frameworks/Accelerate.framework/Versions/A/Accelerate
0x0000000009d0c000 	/System/Library/Frameworks/Accelerate.framework/Versions/A/Frameworks/vImage.framework/Versions/A/vImage
0x0000000009d0c000 	/System/Library/Frameworks/Accelerate.framework/Versions/A/Frameworks/vecLib.framework/Versions/A/vecLib
0x0000000009d0c000 	/System/Library/Frameworks/Accelerate.framework/Versions/A/Frameworks/vecLib.framework/Versions/A/libvDSP.dylib
0x0000000009d0c000 	/System/Library/Frameworks/Accelerate.framework/Versions/A/Frameworks/vecLib.framework/Versions/A/libvMisc.dylib
0x0000000009d0c000 	/System/Library/Frameworks/Accelerate.framework/Versions/A/Frameworks/vecLib.framework/Versions/A/libLAPACK.dylib
0x0000000009d0c000 	/System/Library/Frameworks/Accelerate.framework/Versions/A/Frameworks/vecLib.framework/Versions/A/libBLAS.dylib
0x0000000009d0c000 	/System/Library/Frameworks/ApplicationServices.framework/Versions/A/Frameworks/ATS.framework/Versions/A/Resources/libFontParser.dylib
0x0000000009d0c000 	/System/Library/Frameworks/ApplicationServices.framework/Versions/A/Frameworks/ATS.framework/Versions/A/Resources/libFontRegistry.dylib
0x0000000009d0c000 	/System/Library/Frameworks/ImageIO.framework/Versions/A/Resources/libJPEG.dylib
0x0000000009d0c000 	/System/Library/Frameworks/ImageIO.framework/Versions/A/Resources/libTIFF.dylib
0x0000000009d0c000 	/System/Library/Frameworks/ImageIO.framework/Versions/A/Resources/libPng.dylib
0x0000000009d0c000 	/System/Library/Frameworks/ImageIO.framework/Versions/A/Resources/libGIF.dylib
0x0000000009d0c000 	/System/Library/Frameworks/ImageIO.framework/Versions/A/Resources/libJP2.dylib
0x0000000009d0c000 	/System/Library/Frameworks/ImageIO.framework/Versions/A/Resources/libRadiance.dylib
0x0000000009d0c000 	/usr/lib/libcups.2.dylib
0x0000000009d0c000 	/System/Library/Frameworks/Kerberos.framework/Versions/A/Kerberos
0x0000000009d0c000 	/System/Library/Frameworks/GSS.framework/Versions/A/GSS
0x0000000009d0c000 	/usr/lib/libresolv.9.dylib
0x0000000009d0c000 	/usr/lib/libiconv.2.dylib
0x0000000009d0c000 	/System/Library/PrivateFrameworks/Heimdal.framework/Versions/A/Heimdal
0x0000000009d0c000 	/System/Library/PrivateFrameworks/TrustEvaluationAgent.framework/Versions/A/TrustEvaluationAgent
0x0000000009d0c000 	/usr/lib/libheimdal-asn1.dylib
0x0000000009d0c000 	/System/Library/Frameworks/OpenDirectory.framework/Versions/A/OpenDirectory
0x0000000009d0c000 	/System/Library/PrivateFrameworks/CommonAuth.framework/Versions/A/CommonAuth
0x0000000009d0c000 	/System/Library/Frameworks/SecurityFoundation.framework/Versions/A/SecurityFoundation
0x0000000009d0c000 	/System/Library/PrivateFrameworks/Bom.framework/Versions/A/Bom
0x0000000009d0c000 	/System/Library/Frameworks/CoreVideo.framework/Versions/A/CoreVideo
0x0000000009d0c000 	/System/Library/Frameworks/QuartzCore.framework/Versions/A/Frameworks/CoreImage.framework/Versions/A/CoreImage
0x0000000009d0c000 	/System/Library/Frameworks/QuartzCore.framework/Versions/A/Frameworks/ScalableUserInterface.framework/Versions/A/ScalableUserInterface
0x0000000009d0c000 	/System/Library/Frameworks/OpenGL.framework/Versions/A/Libraries/libGLU.dylib
0x0000000009d0c000 	/System/Library/Frameworks/OpenGL.framework/Versions/A/Libraries/libGFXShared.dylib
0x0000000009d0c000 	/System/Library/Frameworks/OpenGL.framework/Versions/A/Libraries/libGL.dylib
0x0000000009d0c000 	/System/Library/Frameworks/OpenGL.framework/Versions/A/Libraries/libGLImage.dylib
0x0000000009d0c000 	/System/Library/Frameworks/OpenGL.framework/Versions/A/Libraries/libCVMSPluginSupport.dylib
0x0000000009d0c000 	/System/Library/Frameworks/OpenGL.framework/Versions/A/Libraries/libCoreVMClient.dylib
0x0000000009d0c000 	/System/Library/PrivateFrameworks/FaceCore.framework/Versions/A/FaceCore
0x0000000009d0c000 	/System/Library/PrivateFrameworks/CrashReporterSupport.framework/Versions/A/CrashReporterSupport
0x0000000009d0c000 	/System/Library/Frameworks/OpenCL.framework/Versions/A/OpenCL
0x0000000009d0c000 	/System/Library/PrivateFrameworks/AppleFSCompression.framework/Versions/A/AppleFSCompression
0x0000000009d0c000 	/System/Library/PrivateFrameworks/Ubiquity.framework/Versions/A/Ubiquity
0x0000000009d0c000 	/System/Library/PrivateFrameworks/IconServices.framework/Versions/A/IconServices
0x0000000009d0c000 	/System/Library/PrivateFrameworks/ChunkingLibrary.framework/Versions/A/ChunkingLibrary
0x0000000009d0c000 	/System/Library/PrivateFrameworks/CoreSymbolication.framework/Versions/A/CoreSymbolication
0x0000000009d0c000 	/System/Library/PrivateFrameworks/Symbolication.framework/Versions/A/Symbolication
0x0000000009d0c000 	/System/Library/PrivateFrameworks/DebugSymbols.framework/Versions/A/DebugSymbols
0x000000010aa00000 	/Library/Java/JavaVirtualMachines/jdk1.7.0_21.jdk/Contents/Home/jre/lib/server/libjvm.dylib
0x0000000009d0c000 	/usr/lib/libstdc++.6.dylib
0x000000010a1de000 	/Library/Java/JavaVirtualMachines/jdk1.7.0_21.jdk/Contents/Home/jre/lib/libverify.dylib
0x000000010b4a9000 	/Library/Java/JavaVirtualMachines/jdk1.7.0_21.jdk/Contents/Home/jre/lib/libjava.dylib
0x000000010b4d9000 	/Library/Java/JavaVirtualMachines/jdk1.7.0_21.jdk/Contents/Home/jre/lib/libjdwp.dylib
0x000000010a1ec000 	/Library/Java/JavaVirtualMachines/jdk1.7.0_21.jdk/Contents/Home/jre/lib/./libnpt.dylib
0x000000010b516000 	/Library/Java/JavaVirtualMachines/jdk1.7.0_21.jdk/Contents/Home/jre/lib/libzip.dylib
0x000000010eca9000 	/System/Library/Frameworks/JavaVM.framework/Frameworks/JavaRuntimeSupport.framework/JavaRuntimeSupport
0x000000010ecc1000 	/System/Library/Frameworks/JavaVM.framework/Versions/A/Frameworks/JavaNativeFoundation.framework/Versions/A/JavaNativeFoundation
0x000000010ecd6000 	/System/Library/Frameworks/JavaVM.framework/Versions/A/JavaVM
0x0000000009d0c000 	/System/Library/Frameworks/Carbon.framework/Versions/A/Carbon
0x000000010ece3000 	/System/Library/PrivateFrameworks/JavaLaunching.framework/Versions/A/JavaLaunching
0x0000000009d0c000 	/System/Library/Frameworks/Carbon.framework/Versions/A/Frameworks/CommonPanels.framework/Versions/A/CommonPanels
0x0000000009d0c000 	/System/Library/Frameworks/Carbon.framework/Versions/A/Frameworks/Help.framework/Versions/A/Help
0x0000000009d0c000 	/System/Library/Frameworks/Carbon.framework/Versions/A/Frameworks/ImageCapture.framework/Versions/A/ImageCapture
0x0000000009d0c000 	/System/Library/Frameworks/Carbon.framework/Versions/A/Frameworks/OpenScripting.framework/Versions/A/OpenScripting
0x0000000009d0c000 	/System/Library/Frameworks/Carbon.framework/Versions/A/Frameworks/Print.framework/Versions/A/Print
0x0000000009d0c000 	/System/Library/Frameworks/Carbon.framework/Versions/A/Frameworks/SecurityHI.framework/Versions/A/SecurityHI
0x000000010ef03000 	/Library/Java/JavaVirtualMachines/jdk1.7.0_21.jdk/Contents/Home/jre/lib/libdt_socket.dylib
0x000000010f773000 	/Library/Java/JavaVirtualMachines/jdk1.7.0_21.jdk/Contents/Home/jre/lib/libnet.dylib
0x000000010f97e000 	/Library/Java/JavaVirtualMachines/jdk1.7.0_21.jdk/Contents/Home/jre/lib/libnio.dylib

VM Arguments:
jvm_args: -agentlib:jdwp=transport=dt_socket,suspend=y,address=localhost:50645 -Dfile.encoding=MacRoman 
java_command: org.eclipse.jdt.internal.junit.runner.RemoteTestRunner -version 3 -port 50644 -testLoaderClass org.eclipse.jdt.internal.junit4.runner.JUnit4TestLoader -loaderpluginname org.eclipse.jdt.junit4.runtime -test ar.edu.itba.searchingTest.SearchTest:test_SortTest3
Launcher Type: SUN_STANDARD

Environment Variables:
PATH=/usr/bin:/bin:/usr/sbin:/sbin
SHELL=/bin/bash

Signal Handlers:
SIGSEGV: [libjvm.dylib+0x4a4e2d], sa_mask[0]=0xfffefeff, sa_flags=0x00000042
SIGBUS: [libjvm.dylib+0x4a4e2d], sa_mask[0]=0xfffefeff, sa_flags=0x00000042
SIGFPE: [libjvm.dylib+0x3b4729], sa_mask[0]=0xfffefeff, sa_flags=0x00000042
SIGPIPE: [libjvm.dylib+0x3b4729], sa_mask[0]=0xfffefeff, sa_flags=0x00000042
SIGXFSZ: [libjvm.dylib+0x3b4729], sa_mask[0]=0xfffefeff, sa_flags=0x00000042
SIGILL: [libjvm.dylib+0x3b4729], sa_mask[0]=0xfffefeff, sa_flags=0x00000042
SIGUSR1: SIG_DFL, sa_mask[0]=0x00000000, sa_flags=0x00000002
SIGUSR2: [libjvm.dylib+0x3b42c2], sa_mask[0]=0x00000004, sa_flags=0x00000042
SIGHUP: [libjvm.dylib+0x3b2523], sa_mask[0]=0xfffefeff, sa_flags=0x00000042
SIGINT: [libjvm.dylib+0x3b2523], sa_mask[0]=0xfffefeff, sa_flags=0x00000042
SIGTERM: [libjvm.dylib+0x3b2523], sa_mask[0]=0xfffefeff, sa_flags=0x00000042
SIGQUIT: [libjvm.dylib+0x3b2523], sa_mask[0]=0xfffefeff, sa_flags=0x00000042


---------------  S Y S T E M  ---------------

OS:Bsduname:Darwin 13.1.0 Darwin Kernel Version 13.1.0: Thu Jan 16 19:40:37 PST 2014; root:xnu-2422.90.20~2/RELEASE_X86_64 x86_64
rlimit: STACK 8192k, CORE 0k, NPROC 709, NOFILE 10240, AS infinity
load average:1.65 1.46 1.47

CPU:total 4 (2 cores per cpu, 2 threads per core) family 6 model 58 stepping 9, cmov, cx8, fxsr, mmx, sse, sse2, sse3, ssse3, sse4.1, sse4.2, popcnt, avx, ht, tsc, tscinvbit, tscinv

Memory: 4k page, physical 1138992k(284748k free)

/proc/meminfo:


vm_info: Java HotSpot(TM) 64-Bit Server VM (23.21-b01) for bsd-amd64 JRE (1.7.0_21-b12), built on Apr  7 2013 14:55:50 by "java_re" with gcc 4.2.1 (Based on Apple Inc. build 5658) (LLVM build 2336.11.00)

time: Thu May  1 20:02:38 2014
elapsed time: 4450 seconds

